This file contains any messages produced by compilers while
running configure, to aid debugging if configure makes a mistake.

It was created by fplll configure 5.5.0, which was
generated by GNU Autoconf 2.72.  Invocation command line was

  $ ./configure

## --------- ##
## Platform. ##
## --------- ##

hostname = huole-Precision-7680
uname -m = x86_64
uname -r = 6.14.0-27-generic
uname -s = Linux
uname -v = #27-Ubuntu SMP PREEMPT_DYNAMIC Tue Jul 22 17:01:58 UTC 2025

/usr/bin/uname -p = x86_64
/bin/uname -X     = unknown

/bin/arch              = x86_64
/usr/bin/arch -k       = unknown
/usr/convex/getsysinfo = unknown
/usr/bin/hostinfo      = unknown
/bin/machine           = unknown
/usr/bin/oslevel       = unknown
/bin/universe          = unknown

PATH: /home/huole/miniconda3/condabin/
PATH: /home/huole/.local/bin/
PATH: /usr/local/sbin/
PATH: /usr/local/bin/
PATH: /usr/sbin/
PATH: /usr/bin/
PATH: /sbin/
PATH: /bin/
PATH: /usr/games/
PATH: /usr/local/games/
PATH: /snap/bin/
PATH: /snap/bin/
PATH: /home/huole/.local/share/JetBrains/Toolbox/scripts/
PATH: /home/huole/.local/bin/
PATH: /home/huole/.local/bin/
PATH: /home/huole/miniconda3/bin/
PATH: /home/huole/.local/bin/
PATH: /home/huole/miniconda3/bin/


## ----------- ##
## Core tests. ##
## ----------- ##

configure:3047: looking for aux files: compile ltmain.sh missing install-sh config.guess config.sub
configure:3060:  trying ./
configure:3089:   ./compile found
configure:3089:   ./ltmain.sh found
configure:3089:   ./missing found
configure:3071:   ./install-sh found
configure:3089:   ./config.guess found
configure:3089:   ./config.sub found
configure:3203: checking whether to enable maintainer-specific portions of Makefiles
configure:3214: result: yes
configure:3234: checking build system type
configure:3250: result: x86_64-pc-linux-gnu
configure:3270: checking host system type
configure:3285: result: x86_64-pc-linux-gnu
configure:3305: checking target system type
configure:3320: result: x86_64-pc-linux-gnu
configure:3374: checking for a BSD-compatible install
configure:3448: result: /usr/bin/install -c
configure:3459: checking whether sleep supports fractional seconds
configure:3475: result: yes
configure:3478: checking filesystem timestamp resolution
configure:3613: result: 0.01
configure:3618: checking whether build environment is sane
configure:3659: result: yes
configure:3830: checking for a race-free mkdir -p
configure:3873: result: /usr/bin/mkdir -p
configure:3880: checking for gawk
configure:3916: result: no
configure:3880: checking for mawk
configure:3901: found /usr/bin/mawk
configure:3913: result: mawk
configure:3924: checking whether make sets $(MAKE)
configure:3948: result: yes
configure:3974: checking whether make supports nested variables
configure:3993: result: yes
configure:4007: checking xargs -n works
configure:4023: result: yes
configure:4178: checking how to print strings
configure:4205: result: printf
configure:4239: checking whether make supports the include directive
configure:4254: make -f confmf.GNU && cat confinc.out
this is the am__doit target
configure:4257: $? = 0
configure:4276: result: yes (GNU style)
configure:4353: checking for gcc
configure:4374: found /usr/bin/gcc
configure:4386: result: gcc
configure:4745: checking for C compiler version
configure:4754: gcc --version >&5
gcc (Ubuntu 14.2.0-19ubuntu2) 14.2.0
Copyright (C) 2024 Free Software Foundation, Inc.
This is free software; see the source for copying conditions.  There is NO
warranty; not even for MERCHANTABILITY or FITNESS FOR A PARTICULAR PURPOSE.

configure:4765: $? = 0
configure:4754: gcc -v >&5
Using built-in specs.
COLLECT_GCC=gcc
COLLECT_LTO_WRAPPER=/usr/libexec/gcc/x86_64-linux-gnu/14/lto-wrapper
OFFLOAD_TARGET_NAMES=nvptx-none:amdgcn-amdhsa
OFFLOAD_TARGET_DEFAULT=1
Target: x86_64-linux-gnu
Configured with: ../src/configure -v --with-pkgversion='Ubuntu 14.2.0-19ubuntu2' --with-bugurl=file:///usr/share/doc/gcc-14/README.Bugs --enable-languages=c,ada,c++,go,d,fortran,objc,obj-c++,m2,rust --prefix=/usr --with-gcc-major-version-only --program-suffix=-14 --program-prefix=x86_64-linux-gnu- --enable-shared --enable-linker-build-id --libexecdir=/usr/libexec --without-included-gettext --enable-threads=posix --libdir=/usr/lib --enable-nls --enable-bootstrap --enable-clocale=gnu --enable-libstdcxx-debug --enable-libstdcxx-time=yes --with-default-libstdcxx-abi=new --enable-libstdcxx-backtrace --enable-gnu-unique-object --disable-vtable-verify --enable-plugin --enable-default-pie --with-system-zlib --enable-libphobos-checking=release --with-target-system-zlib=auto --enable-objc-gc=auto --enable-multiarch --disable-werror --enable-cet --with-arch-32=i686 --with-abi=m64 --with-multilib-list=m32,m64,mx32 --enable-multilib --with-tune=generic --enable-offload-targets=nvptx-none=/build/gcc-14-C86vgL/gcc-14-14.2.0/debian/tmp-nvptx/usr,amdgcn-amdhsa=/build/gcc-14-C86vgL/gcc-14-14.2.0/debian/tmp-gcn/usr --enable-offload-defaulted --without-cuda-driver --enable-checking=release --build=x86_64-linux-gnu --host=x86_64-linux-gnu --target=x86_64-linux-gnu --with-build-config=bootstrap-lto-lean --enable-link-serialization=2
Thread model: posix
Supported LTO compression algorithms: zlib zstd
gcc version 14.2.0 (Ubuntu 14.2.0-19ubuntu2) 
... rest of stderr output deleted ...
configure:4765: $? = 0
configure:4754: gcc -V >&5
gcc: error: unrecognized command-line option '-V'
gcc: fatal error: no input files
compilation terminated.
configure:4765: $? = 1
configure:4754: gcc -qversion >&5
gcc: error: unrecognized command-line option '-qversion'; did you mean '--version'?
gcc: fatal error: no input files
compilation terminated.
configure:4765: $? = 1
configure:4754: gcc -version >&5
gcc: error: unrecognized command-line option '-version'
gcc: fatal error: no input files
compilation terminated.
configure:4765: $? = 1
configure:4785: checking whether the C compiler works
configure:4807: gcc    conftest.c  >&5
configure:4811: $? = 0
configure:4862: result: yes
configure:4866: checking for C compiler default output file name
configure:4868: result: a.out
configure:4874: checking for suffix of executables
configure:4881: gcc -o conftest    conftest.c  >&5
configure:4885: $? = 0
configure:4909: result: 
configure:4933: checking whether we are cross compiling
configure:4941: gcc -o conftest    conftest.c  >&5
configure:4945: $? = 0
configure:4952: ./conftest
configure:4956: $? = 0
configure:4971: result: no
configure:4977: checking for suffix of object files
configure:5000: gcc -c   conftest.c >&5
configure:5004: $? = 0
configure:5028: result: o
configure:5032: checking whether the compiler supports GNU C
configure:5052: gcc -c   conftest.c >&5
configure:5052: $? = 0
configure:5064: result: yes
configure:5075: checking whether gcc accepts -g
configure:5096: gcc -c -g  conftest.c >&5
configure:5096: $? = 0
configure:5143: result: yes
configure:5163: checking for gcc option to enable C11 features
configure:5178: gcc  -c -g -O2  conftest.c >&5
configure:5178: $? = 0
configure:5197: result: none needed
configure:5321: checking whether gcc understands -c and -o together
configure:5344: gcc -c conftest.c -o conftest2.o
configure:5347: $? = 0
configure:5344: gcc -c conftest.c -o conftest2.o
configure:5347: $? = 0
configure:5360: result: yes
configure:5379: checking dependency style of gcc
configure:5492: result: gcc3
configure:5507: checking for a sed that does not truncate output
configure:5579: result: /usr/bin/sed
configure:5597: checking for grep that handles long lines and -e
configure:5663: result: /usr/bin/grep
configure:5668: checking for egrep
configure:5738: result: /usr/bin/grep -E
configure:5745: checking for fgrep
configure:5815: result: /usr/bin/grep -F
configure:5852: checking for ld used by gcc
configure:5921: result: /usr/bin/ld
configure:5928: checking if the linker (/usr/bin/ld) is GNU ld
configure:5945: result: yes
configure:5957: checking for BSD- or MS-compatible name lister (nm)
configure:6013: result: /usr/bin/nm -B
configure:6155: checking the name lister (/usr/bin/nm -B) interface
configure:6163: gcc -c -g -O2  conftest.c >&5
configure:6166: /usr/bin/nm -B "conftest.o"
configure:6169: output
0000000000000000 B some_variable
configure:6177: result: BSD nm
configure:6180: checking whether ln -s works
configure:6184: result: yes
configure:6192: checking the maximum length of command line arguments
configure:6325: result: 1572864
configure:6373: checking how to convert x86_64-pc-linux-gnu file names to x86_64-pc-linux-gnu format
configure:6415: result: func_convert_file_noop
configure:6422: checking how to convert x86_64-pc-linux-gnu file names to toolchain format
configure:6444: result: func_convert_file_noop
configure:6451: checking for /usr/bin/ld option to reload object files
configure:6460: result: -r
configure:6493: checking for file
configure:6514: found /usr/bin/file
configure:6527: result: file
configure:6590: checking for objdump
configure:6611: found /usr/bin/objdump
configure:6623: result: objdump
configure:6655: checking how to recognize dependent libraries
configure:6864: result: pass_all
configure:6955: checking for dlltool
configure:6991: result: no
configure:7021: checking how to associate runtime and link libraries
configure:7050: result: printf %s\n
configure:7111: checking for ranlib
configure:7132: found /usr/bin/ranlib
configure:7144: result: ranlib
configure:7221: checking for ar
configure:7242: found /usr/bin/ar
configure:7254: result: ar
configure:7307: checking for archiver @FILE support
configure:7325: gcc -c -g -O2  conftest.c >&5
configure:7325: $? = 0
configure:7329: ar cr libconftest.a @conftest.lst >&5
configure:7332: $? = 0
configure:7337: ar cr libconftest.a @conftest.lst >&5
ar: conftest.o: No such file or directory
configure:7340: $? = 1
configure:7353: result: @
configure:7417: checking for strip
configure:7438: found /usr/bin/strip
configure:7450: result: strip
configure:7553: checking command to parse /usr/bin/nm -B output from gcc object
configure:7707: gcc -c -g -O2  conftest.c >&5
configure:7710: $? = 0
configure:7714: /usr/bin/nm -B conftest.o | /usr/bin/sed -n -e 's/^.*[	 ]\([ABCDGIRSTW][ABCDGIRSTW]*\)[	 ][	 ]*\([_A-Za-z][_A-Za-z0-9]*\)$/\1 \2 \2/p' | /usr/bin/sed '/ __gnu_lto/d' > conftest.nm
configure:7780: gcc -o conftest -g -O2   conftest.c conftstm.o >&5
configure:7783: $? = 0
configure:7822: result: ok
configure:7869: checking for sysroot
configure:7903: result: no
configure:7910: checking for a working dd
configure:7955: result: /usr/bin/dd
configure:7959: checking how to truncate binary pipes
configure:7976: result: /usr/bin/dd bs=4096 count=1
configure:8113: gcc -c -g -O2  conftest.c >&5
configure:8116: $? = 0
configure:8316: checking for mt
configure:8337: found /usr/bin/mt
configure:8349: result: mt
configure:8372: checking if mt is a manifest tool
configure:8379: mt '-?'
configure:8388: result: no
configure:9185: checking for stdio.h
configure:9185: gcc -c -g -O2  conftest.c >&5
configure:9185: $? = 0
configure:9185: result: yes
configure:9185: checking for stdlib.h
configure:9185: gcc -c -g -O2  conftest.c >&5
configure:9185: $? = 0
configure:9185: result: yes
configure:9185: checking for string.h
configure:9185: gcc -c -g -O2  conftest.c >&5
configure:9185: $? = 0
configure:9185: result: yes
configure:9185: checking for inttypes.h
configure:9185: gcc -c -g -O2  conftest.c >&5
configure:9185: $? = 0
configure:9185: result: yes
configure:9185: checking for stdint.h
configure:9185: gcc -c -g -O2  conftest.c >&5
configure:9185: $? = 0
configure:9185: result: yes
configure:9185: checking for strings.h
configure:9185: gcc -c -g -O2  conftest.c >&5
configure:9185: $? = 0
configure:9185: result: yes
configure:9185: checking for sys/stat.h
configure:9185: gcc -c -g -O2  conftest.c >&5
configure:9185: $? = 0
configure:9185: result: yes
configure:9185: checking for sys/types.h
configure:9185: gcc -c -g -O2  conftest.c >&5
configure:9185: $? = 0
configure:9185: result: yes
configure:9185: checking for unistd.h
configure:9185: gcc -c -g -O2  conftest.c >&5
configure:9185: $? = 0
configure:9185: result: yes
configure:9210: checking for dlfcn.h
configure:9210: gcc -c -g -O2  conftest.c >&5
configure:9210: $? = 0
configure:9210: result: yes
configure:9513: checking for objdir
configure:9530: result: .libs
configure:9796: checking if gcc supports -fno-rtti -fno-exceptions
configure:9815: gcc -c -g -O2  -fno-rtti -fno-exceptions conftest.c >&5
cc1: warning: command-line option '-fno-rtti' is valid for C++/D/ObjC++ but not for C
configure:9819: $? = 0
configure:9833: result: no
configure:10212: checking for gcc option to produce PIC
configure:10221: result: -fPIC -DPIC
configure:10229: checking if gcc PIC flag -fPIC -DPIC works
configure:10248: gcc -c -g -O2  -fPIC -DPIC -DPIC conftest.c >&5
configure:10252: $? = 0
configure:10266: result: yes
configure:10295: checking if gcc static flag -static works
configure:10325: result: yes
configure:10340: checking if gcc supports -c -o file.o
configure:10362: gcc -c -g -O2  -o out/conftest2.o conftest.c >&5
configure:10366: $? = 0
configure:10389: result: yes
configure:10397: checking if gcc supports -c -o file.o
configure:10446: result: yes
configure:10479: checking whether the gcc linker (/usr/bin/ld -m elf_x86_64) supports shared libraries
configure:11767: result: yes
configure:11804: checking whether -lc should be explicitly linked in
configure:11813: gcc -c -g -O2  conftest.c >&5
configure:11816: $? = 0
configure:11831: gcc -shared  -fPIC -DPIC conftest.o  -v -Wl,-soname -Wl,conftest -o conftest 2\>\&1 \| /usr/bin/grep  -lc  \>/dev/null 2\>\&1
configure:11834: $? = 0
configure:11849: result: no
configure:12009: checking dynamic linker characteristics
configure:12628: gcc -o conftest -g -O2   -Wl,-rpath -Wl,/foo conftest.c  >&5
configure:12628: $? = 0
configure:13411: result: GNU/Linux ld.so
configure:13533: checking how to hardcode library paths into programs
configure:13558: result: immediate
configure:14158: checking whether stripping libraries is possible
configure:14167: result: yes
configure:14209: checking if libtool supports shared libraries
configure:14211: result: yes
configure:14214: checking whether to build shared libraries
configure:14239: result: yes
configure:14242: checking whether to build static libraries
configure:14246: result: yes
configure:14383: checking for g++
configure:14404: found /usr/bin/g++
configure:14416: result: g++
configure:14443: checking for C++ compiler version
configure:14452: g++ --version >&5
g++ (Ubuntu 14.2.0-19ubuntu2) 14.2.0
Copyright (C) 2024 Free Software Foundation, Inc.
This is free software; see the source for copying conditions.  There is NO
warranty; not even for MERCHANTABILITY or FITNESS FOR A PARTICULAR PURPOSE.

configure:14463: $? = 0
configure:14452: g++ -v >&5
Using built-in specs.
COLLECT_GCC=g++
COLLECT_LTO_WRAPPER=/usr/libexec/gcc/x86_64-linux-gnu/14/lto-wrapper
OFFLOAD_TARGET_NAMES=nvptx-none:amdgcn-amdhsa
OFFLOAD_TARGET_DEFAULT=1
Target: x86_64-linux-gnu
Configured with: ../src/configure -v --with-pkgversion='Ubuntu 14.2.0-19ubuntu2' --with-bugurl=file:///usr/share/doc/gcc-14/README.Bugs --enable-languages=c,ada,c++,go,d,fortran,objc,obj-c++,m2,rust --prefix=/usr --with-gcc-major-version-only --program-suffix=-14 --program-prefix=x86_64-linux-gnu- --enable-shared --enable-linker-build-id --libexecdir=/usr/libexec --without-included-gettext --enable-threads=posix --libdir=/usr/lib --enable-nls --enable-bootstrap --enable-clocale=gnu --enable-libstdcxx-debug --enable-libstdcxx-time=yes --with-default-libstdcxx-abi=new --enable-libstdcxx-backtrace --enable-gnu-unique-object --disable-vtable-verify --enable-plugin --enable-default-pie --with-system-zlib --enable-libphobos-checking=release --with-target-system-zlib=auto --enable-objc-gc=auto --enable-multiarch --disable-werror --enable-cet --with-arch-32=i686 --with-abi=m64 --with-multilib-list=m32,m64,mx32 --enable-multilib --with-tune=generic --enable-offload-targets=nvptx-none=/build/gcc-14-C86vgL/gcc-14-14.2.0/debian/tmp-nvptx/usr,amdgcn-amdhsa=/build/gcc-14-C86vgL/gcc-14-14.2.0/debian/tmp-gcn/usr --enable-offload-defaulted --without-cuda-driver --enable-checking=release --build=x86_64-linux-gnu --host=x86_64-linux-gnu --target=x86_64-linux-gnu --with-build-config=bootstrap-lto-lean --enable-link-serialization=2
Thread model: posix
Supported LTO compression algorithms: zlib zstd
gcc version 14.2.0 (Ubuntu 14.2.0-19ubuntu2) 
... rest of stderr output deleted ...
configure:14463: $? = 0
configure:14452: g++ -V >&5
g++: error: unrecognized command-line option '-V'
g++: fatal error: no input files
compilation terminated.
configure:14463: $? = 1
configure:14452: g++ -qversion >&5
g++: error: unrecognized command-line option '-qversion'; did you mean '--version'?
g++: fatal error: no input files
compilation terminated.
configure:14463: $? = 1
configure:14467: checking whether the compiler supports GNU C++
configure:14487: g++ -c -O3 -Wall  conftest.cpp >&5
configure:14487: $? = 0
configure:14499: result: yes
configure:14510: checking whether g++ accepts -g
configure:14531: g++ -c -g  conftest.cpp >&5
configure:14531: $? = 0
configure:14578: result: yes
configure:14598: checking for g++ option to enable C++11 features
configure:14613: g++  -c -O3 -Wall  conftest.cpp >&5
conftest.cpp: In function 'int main(int, char**)':
conftest.cpp:146:8: warning: unused variable 'a1' [-Wunused-variable]
  146 |   auto a1 = 6538;
      |        ^~
conftest.cpp:153:16: warning: unused variable 'a4' [-Wunused-variable]
  153 |   decltype(a2) a4 = 34895.034;
      |                ^~
conftest.cpp:157:9: warning: unused variable 'sa' [-Wunused-variable]
  157 |   short sa[cxx11test::get_val()] = { 0 };
      |         ^~
conftest.cpp:161:23: warning: unused variable 'il' [-Wunused-variable]
  161 |   cxx11test::testinit il = { 4323, 435234.23544 };
      |                       ^~
conftest.cpp:182:8: warning: unused variable 'a' [-Wunused-variable]
  182 |   auto a = sum(1);
      |        ^
conftest.cpp:183:8: warning: unused variable 'b' [-Wunused-variable]
  183 |   auto b = sum(1, 2);
      |        ^
conftest.cpp:184:8: warning: unused variable 'c' [-Wunused-variable]
  184 |   auto c = sum(1.0, 2.0, 3.0);
      |        ^
conftest.cpp:189:25: warning: empty parentheses were disambiguated as a function declaration [-Wvexing-parse]
  189 |   cxx11test::delegate d2();
      |                         ^~
conftest.cpp:189:25: note: remove parentheses to default-initialize a variable
  189 |   cxx11test::delegate d2();
      |                         ^~
      |                         --
conftest.cpp:189:25: note: or replace parentheses with braces to value-initialize a variable
conftest.cpp:198:9: warning: unused variable 'c' [-Wunused-variable]
  198 |   char *c = nullptr;
      |         ^
conftest.cpp:206:15: warning: unused variable 'utf8' [-Wunused-variable]
  206 |   char const *utf8 = u8"UTF-8 string \u2500";
      |               ^~~~
conftest.cpp:207:19: warning: unused variable 'utf16' [-Wunused-variable]
  207 |   char16_t const *utf16 = u"UTF-8 string \u2500";
      |                   ^~~~~
conftest.cpp:208:19: warning: unused variable 'utf32' [-Wunused-variable]
  208 |   char32_t const *utf32 = U"UTF-32 string \u2500";
      |                   ^~~~~
configure:14613: $? = 0
configure:14632: result: none needed
configure:14703: checking dependency style of g++
configure:14816: result: gcc3
configure:14849: checking how to run the C++ preprocessor
configure:14871: g++ -E  conftest.cpp
configure:14871: $? = 0
configure:14887: g++ -E  conftest.cpp
conftest.cpp:23:10: fatal error: ac_nonexistent.h: No such file or directory
   23 | #include <ac_nonexistent.h>
      |          ^~~~~~~~~~~~~~~~~~
compilation terminated.
configure:14887: $? = 1
configure: failed program was:
| /* confdefs.h */
| #define PACKAGE_NAME "fplll"
| #define PACKAGE_TARNAME "fplll"
| #define PACKAGE_VERSION "5.5.0"
| #define PACKAGE_STRING "fplll 5.5.0"
| #define PACKAGE_BUGREPORT ""
| #define PACKAGE_URL ""
| #define PACKAGE "fplll"
| #define VERSION "5.5.0"
| #define HAVE_STDIO_H 1
| #define HAVE_STDLIB_H 1
| #define HAVE_STRING_H 1
| #define HAVE_INTTYPES_H 1
| #define HAVE_STDINT_H 1
| #define HAVE_STRINGS_H 1
| #define HAVE_SYS_STAT_H 1
| #define HAVE_SYS_TYPES_H 1
| #define HAVE_UNISTD_H 1
| #define STDC_HEADERS 1
| #define HAVE_DLFCN_H 1
| #define LT_OBJDIR ".libs/"
| /* end confdefs.h.  */
| #include <ac_nonexistent.h>
configure:14916: result: g++ -E
configure:14930: g++ -E  conftest.cpp
configure:14930: $? = 0
configure:14946: g++ -E  conftest.cpp
conftest.cpp:23:10: fatal error: ac_nonexistent.h: No such file or directory
   23 | #include <ac_nonexistent.h>
      |          ^~~~~~~~~~~~~~~~~~
compilation terminated.
configure:14946: $? = 1
configure: failed program was:
| /* confdefs.h */
| #define PACKAGE_NAME "fplll"
| #define PACKAGE_TARNAME "fplll"
| #define PACKAGE_VERSION "5.5.0"
| #define PACKAGE_STRING "fplll 5.5.0"
| #define PACKAGE_BUGREPORT ""
| #define PACKAGE_URL ""
| #define PACKAGE "fplll"
| #define VERSION "5.5.0"
| #define HAVE_STDIO_H 1
| #define HAVE_STDLIB_H 1
| #define HAVE_STRING_H 1
| #define HAVE_INTTYPES_H 1
| #define HAVE_STDINT_H 1
| #define HAVE_STRINGS_H 1
| #define HAVE_SYS_STAT_H 1
| #define HAVE_SYS_TYPES_H 1
| #define HAVE_UNISTD_H 1
| #define STDC_HEADERS 1
| #define HAVE_DLFCN_H 1
| #define LT_OBJDIR ".libs/"
| /* end confdefs.h.  */
| #include <ac_nonexistent.h>
configure:15114: checking for ld used by g++
configure:15183: result: /usr/bin/ld -m elf_x86_64
configure:15190: checking if the linker (/usr/bin/ld -m elf_x86_64) is GNU ld
configure:15207: result: yes
configure:15261: checking whether the g++ linker (/usr/bin/ld -m elf_x86_64) supports shared libraries
configure:16349: result: yes
configure:16385: g++ -c -O3 -Wall  conftest.cpp >&5
configure:16388: $? = 0
configure:16874: checking for g++ option to produce PIC
configure:16883: result: -fPIC -DPIC
configure:16891: checking if g++ PIC flag -fPIC -DPIC works
configure:16910: g++ -c -O3 -Wall  -fPIC -DPIC -DPIC conftest.cpp >&5
configure:16914: $? = 0
configure:16928: result: yes
configure:16951: checking if g++ static flag -static works
configure:16981: result: yes
configure:16993: checking if g++ supports -c -o file.o
configure:17015: g++ -c -O3 -Wall  -o out/conftest2.o conftest.cpp >&5
configure:17019: $? = 0
configure:17042: result: yes
configure:17047: checking if g++ supports -c -o file.o
configure:17096: result: yes
configure:17126: checking whether the g++ linker (/usr/bin/ld -m elf_x86_64) supports shared libraries
configure:17169: result: yes
configure:17312: checking dynamic linker characteristics
configure:18618: result: GNU/Linux ld.so
configure:18683: checking how to hardcode library paths into programs
configure:18708: result: immediate
configure:18802: checking for gcc
configure:18835: result: gcc
configure:19194: checking for C compiler version
configure:19203: gcc --version >&5
gcc (Ubuntu 14.2.0-19ubuntu2) 14.2.0
Copyright (C) 2024 Free Software Foundation, Inc.
This is free software; see the source for copying conditions.  There is NO
warranty; not even for MERCHANTABILITY or FITNESS FOR A PARTICULAR PURPOSE.

configure:19214: $? = 0
configure:19203: gcc -v >&5
Using built-in specs.
COLLECT_GCC=gcc
COLLECT_LTO_WRAPPER=/usr/libexec/gcc/x86_64-linux-gnu/14/lto-wrapper
OFFLOAD_TARGET_NAMES=nvptx-none:amdgcn-amdhsa
OFFLOAD_TARGET_DEFAULT=1
Target: x86_64-linux-gnu
Configured with: ../src/configure -v --with-pkgversion='Ubuntu 14.2.0-19ubuntu2' --with-bugurl=file:///usr/share/doc/gcc-14/README.Bugs --enable-languages=c,ada,c++,go,d,fortran,objc,obj-c++,m2,rust --prefix=/usr --with-gcc-major-version-only --program-suffix=-14 --program-prefix=x86_64-linux-gnu- --enable-shared --enable-linker-build-id --libexecdir=/usr/libexec --without-included-gettext --enable-threads=posix --libdir=/usr/lib --enable-nls --enable-bootstrap --enable-clocale=gnu --enable-libstdcxx-debug --enable-libstdcxx-time=yes --with-default-libstdcxx-abi=new --enable-libstdcxx-backtrace --enable-gnu-unique-object --disable-vtable-verify --enable-plugin --enable-default-pie --with-system-zlib --enable-libphobos-checking=release --with-target-system-zlib=auto --enable-objc-gc=auto --enable-multiarch --disable-werror --enable-cet --with-arch-32=i686 --with-abi=m64 --with-multilib-list=m32,m64,mx32 --enable-multilib --with-tune=generic --enable-offload-targets=nvptx-none=/build/gcc-14-C86vgL/gcc-14-14.2.0/debian/tmp-nvptx/usr,amdgcn-amdhsa=/build/gcc-14-C86vgL/gcc-14-14.2.0/debian/tmp-gcn/usr --enable-offload-defaulted --without-cuda-driver --enable-checking=release --build=x86_64-linux-gnu --host=x86_64-linux-gnu --target=x86_64-linux-gnu --with-build-config=bootstrap-lto-lean --enable-link-serialization=2
Thread model: posix
Supported LTO compression algorithms: zlib zstd
gcc version 14.2.0 (Ubuntu 14.2.0-19ubuntu2) 
... rest of stderr output deleted ...
configure:19214: $? = 0
configure:19203: gcc -V >&5
gcc: error: unrecognized command-line option '-V'
gcc: fatal error: no input files
compilation terminated.
configure:19214: $? = 1
configure:19203: gcc -qversion >&5
gcc: error: unrecognized command-line option '-qversion'; did you mean '--version'?
gcc: fatal error: no input files
compilation terminated.
configure:19214: $? = 1
configure:19203: gcc -version >&5
gcc: error: unrecognized command-line option '-version'
gcc: fatal error: no input files
compilation terminated.
configure:19214: $? = 1
configure:19218: checking whether the compiler supports GNU C
configure:19250: result: yes
configure:19261: checking whether gcc accepts -g
configure:19329: result: yes
configure:19349: checking for gcc option to enable C11 features
configure:19383: result: none needed
configure:19507: checking whether gcc understands -c and -o together
configure:19546: result: yes
configure:19565: checking dependency style of gcc
configure:19678: result: gcc3
configure:19693: checking whether make sets $(MAKE)
configure:19717: result: yes
configure:19742: checking whether g++ supports C++11 features with -std=c++11
configure:20041: g++ -std=c++11 -c -O3 -Wall  conftest.cpp >&5
configure:20041: $? = 0
configure:20053: result: yes
configure:20179: checking for __gmp_get_memory_functions in -lgmp
configure:20201: g++ -std=c++11 -o conftest -O3 -Wall   conftest.cpp -lgmp   >&5
configure:20201: $? = 0
configure:20213: result: yes
configure:20241: checking for mpfr_fms in -lmpfr
configure:20263: g++ -std=c++11 -o conftest -O3 -Wall   conftest.cpp -lmpfr  -lgmp  >&5
configure:20263: $? = 0
configure:20275: result: yes
configure:20368: checking for pkg-config
configure:20391: found /usr/bin/pkg-config
configure:20404: result: /usr/bin/pkg-config
configure:20429: checking pkg-config is at least version 0.9.0
configure:20432: result: yes
configure:20445: checking for qd
configure:20452: $PKG_CONFIG --exists --print-errors "qd"
Package qd was not found in the pkg-config search path.
Perhaps you should add the directory containing `qd.pc'
to the PKG_CONFIG_PATH environment variable
Package 'qd', required by 'virtual:world', not found
configure:20455: $? = 1
configure:20469: $PKG_CONFIG --exists --print-errors "qd"
Package qd was not found in the pkg-config search path.
Perhaps you should add the directory containing `qd.pc'
to the PKG_CONFIG_PATH environment variable
Package 'qd', required by 'virtual:world', not found
configure:20472: $? = 1
configure:20486: result: no
Package 'qd', required by 'virtual:world', not found
configure:20504: checking for library containing c_dd_add
configure:20533: g++ -std=c++11 -o conftest -O3 -Wall   conftest.cpp -lmpfr -lgmp  >&5
/usr/bin/ld: /tmp/ccr07Gzs.o: in function `main':
conftest.cpp:(.text.startup+0x5): undefined reference to `c_dd_add'
collect2: error: ld returned 1 exit status
configure:20533: $? = 1
configure: failed program was:
| /* confdefs.h */
| #define PACKAGE_NAME "fplll"
| #define PACKAGE_TARNAME "fplll"
| #define PACKAGE_VERSION "5.5.0"
| #define PACKAGE_STRING "fplll 5.5.0"
| #define PACKAGE_BUGREPORT ""
| #define PACKAGE_URL ""
| #define PACKAGE "fplll"
| #define VERSION "5.5.0"
| #define HAVE_STDIO_H 1
| #define HAVE_STDLIB_H 1
| #define HAVE_STRING_H 1
| #define HAVE_INTTYPES_H 1
| #define HAVE_STDINT_H 1
| #define HAVE_STRINGS_H 1
| #define HAVE_SYS_STAT_H 1
| #define HAVE_SYS_TYPES_H 1
| #define HAVE_UNISTD_H 1
| #define STDC_HEADERS 1
| #define HAVE_DLFCN_H 1
| #define LT_OBJDIR ".libs/"
| #define HAVE_CXX11 1
| #define HAVE_LIBGMP 1
| #define HAVE_LIBMPFR 1
| /* end confdefs.h.  */
| 
| namespace conftest {
|   extern "C" int c_dd_add ();
| }
| int
| main (void)
| {
| return conftest::c_dd_add ();
|   ;
|   return 0;
| }
configure:20533: g++ -std=c++11 -o conftest -O3 -Wall   conftest.cpp -lqd  -lmpfr -lgmp  >&5
/usr/bin/ld: cannot find -lqd: No such file or directory
collect2: error: ld returned 1 exit status
configure:20533: $? = 1
configure: failed program was:
| /* confdefs.h */
| #define PACKAGE_NAME "fplll"
| #define PACKAGE_TARNAME "fplll"
| #define PACKAGE_VERSION "5.5.0"
| #define PACKAGE_STRING "fplll 5.5.0"
| #define PACKAGE_BUGREPORT ""
| #define PACKAGE_URL ""
| #define PACKAGE "fplll"
| #define VERSION "5.5.0"
| #define HAVE_STDIO_H 1
| #define HAVE_STDLIB_H 1
| #define HAVE_STRING_H 1
| #define HAVE_INTTYPES_H 1
| #define HAVE_STDINT_H 1
| #define HAVE_STRINGS_H 1
| #define HAVE_SYS_STAT_H 1
| #define HAVE_SYS_TYPES_H 1
| #define HAVE_UNISTD_H 1
| #define STDC_HEADERS 1
| #define HAVE_DLFCN_H 1
| #define LT_OBJDIR ".libs/"
| #define HAVE_CXX11 1
| #define HAVE_LIBGMP 1
| #define HAVE_LIBMPFR 1
| /* end confdefs.h.  */
| 
| namespace conftest {
|   extern "C" int c_dd_add ();
| }
| int
| main (void)
| {
| return conftest::c_dd_add ();
|   ;
|   return 0;
| }
configure:20555: result: no
configure:20574: WARNING: unable to find c_dd_add() in libqd
configure:20709: checking for limits.h
configure:20709: g++ -std=c++11 -c -O3 -Wall  conftest.cpp >&5
configure:20709: $? = 0
configure:20709: result: yes
configure:20715: checking for cstdio
configure:20715: g++ -std=c++11 -c -O3 -Wall  conftest.cpp >&5
configure:20715: $? = 0
configure:20715: result: yes
configure:20721: checking for iostream
configure:20721: g++ -std=c++11 -c -O3 -Wall  conftest.cpp >&5
configure:20721: $? = 0
configure:20721: result: yes
configure:20727: checking for string
configure:20727: g++ -std=c++11 -c -O3 -Wall  conftest.cpp >&5
configure:20727: $? = 0
configure:20727: result: yes
configure:20733: checking for limits
configure:20733: g++ -std=c++11 -c -O3 -Wall  conftest.cpp >&5
configure:20733: $? = 0
configure:20733: result: yes
configure:20739: checking for vector
configure:20739: g++ -std=c++11 -c -O3 -Wall  conftest.cpp >&5
configure:20739: $? = 0
configure:20739: result: yes
configure:20748: checking for _Bool
configure:20748: g++ -std=c++11 -c -O3 -Wall  conftest.cpp >&5
conftest.cpp: In function 'int main()':
conftest.cpp:63:13: error: '_Bool' was not declared in this scope
   63 | if (sizeof (_Bool))
      |             ^~~~~
configure:20748: $? = 1
configure: failed program was:
| /* confdefs.h */
| #define PACKAGE_NAME "fplll"
| #define PACKAGE_TARNAME "fplll"
| #define PACKAGE_VERSION "5.5.0"
| #define PACKAGE_STRING "fplll 5.5.0"
| #define PACKAGE_BUGREPORT ""
| #define PACKAGE_URL ""
| #define PACKAGE "fplll"
| #define VERSION "5.5.0"
| #define HAVE_STDIO_H 1
| #define HAVE_STDLIB_H 1
| #define HAVE_STRING_H 1
| #define HAVE_INTTYPES_H 1
| #define HAVE_STDINT_H 1
| #define HAVE_STRINGS_H 1
| #define HAVE_SYS_STAT_H 1
| #define HAVE_SYS_TYPES_H 1
| #define HAVE_UNISTD_H 1
| #define STDC_HEADERS 1
| #define HAVE_DLFCN_H 1
| #define LT_OBJDIR ".libs/"
| #define HAVE_CXX11 1
| #define HAVE_LIBGMP 1
| #define HAVE_LIBMPFR 1
| #define HAVE_LIMITS_H 1
| #define HAVE_CSTDIO 1
| #define HAVE_IOSTREAM 1
| #define HAVE_STRING 1
| #define HAVE_LIMITS 1
| #define HAVE_VECTOR 1
| /* end confdefs.h.  */
| #include <stddef.h>
| #ifdef HAVE_STDIO_H
| # include <stdio.h>
| #endif
| #ifdef HAVE_STDLIB_H
| # include <stdlib.h>
| #endif
| #ifdef HAVE_STRING_H
| # include <string.h>
| #endif
| #ifdef HAVE_INTTYPES_H
| # include <inttypes.h>
| #endif
| #ifdef HAVE_STDINT_H
| # include <stdint.h>
| #endif
| #ifdef HAVE_STRINGS_H
| # include <strings.h>
| #endif
| #ifdef HAVE_SYS_TYPES_H
| # include <sys/types.h>
| #endif
| #ifdef HAVE_SYS_STAT_H
| # include <sys/stat.h>
| #endif
| #ifdef HAVE_UNISTD_H
| # include <unistd.h>
| #endif
| int
| main (void)
| {
| if (sizeof (_Bool))
| 	 return 0;
|   ;
|   return 0;
| }
configure:20748: result: no
configure:20757: checking for stdbool.h that conforms to C99 or later
configure:20832: g++ -std=c++11 -c -O3 -Wall  conftest.cpp >&5
conftest.cpp: In function 'int main()':
conftest.cpp:86:24: warning: the address of 's' will never be NULL [-Waddress]
   86 |              bool ps = &s;
      |                        ^~
conftest.cpp:67:47: note: 's' declared here
   67 |              struct sb { bool s: 1; bool t; } s;
      |                                               ^
conftest.cpp:92:23: warning: the address of 'b' will never be NULL [-Waddress]
   92 |              return (!b + !c + !d + !e + !f + !g + !h + !i + !j + !k
      |                       ^
conftest.cpp:50:19: note: 'b' declared here
   50 |              char b[true == 1 ? 1 : -1];
      |                   ^
conftest.cpp:92:28: warning: the address of 'c' will never be NULL [-Waddress]
   92 |              return (!b + !c + !d + !e + !f + !g + !h + !i + !j + !k
      |                            ^
conftest.cpp:51:19: note: 'c' declared here
   51 |              char c[true];
      |                   ^
conftest.cpp:92:33: warning: the address of 'd' will never be NULL [-Waddress]
   92 |              return (!b + !c + !d + !e + !f + !g + !h + !i + !j + !k
      |                                 ^
conftest.cpp:59:19: note: 'd' declared here
   59 |              char d[false == 0 ? 1 : -1];
      |                   ^
conftest.cpp:92:53: warning: enum constant in boolean context [-Wint-in-bool-context]
   92 |              return (!b + !c + !d + !e + !f + !g + !h + !i + !j + !k
      |                                                     ^
conftest.cpp:92:58: warning: the address of 'i' will never be NULL [-Waddress]
   92 |              return (!b + !c + !d + !e + !f + !g + !h + !i + !j + !k
      |                                                          ^
conftest.cpp:63:19: note: 'i' declared here
   63 |              char i[(bool) 0.5 == true ? 1 : -1];
      |                   ^
conftest.cpp:92:63: warning: the address of 'j' will never be NULL [-Waddress]
   92 |              return (!b + !c + !d + !e + !f + !g + !h + !i + !j + !k
      |                                                               ^
conftest.cpp:64:19: note: 'j' declared here
   64 |              char j[(bool) 0.0 == false ? 1 : -1];
      |                   ^
conftest.cpp:92:68: warning: the address of 'k' will never be NULL [-Waddress]
   92 |              return (!b + !c + !d + !e + !f + !g + !h + !i + !j + !k
      |                                                                    ^
conftest.cpp:65:19: note: 'k' declared here
   65 |              char k[sizeof (bool) > 0 ? 1 : -1];
      |                   ^
conftest.cpp:93:25: warning: the address of 'l' will never be NULL [-Waddress]
   93 |                      + !l + !m + !n + !o + !p + !pp + !ps);
      |                         ^
conftest.cpp:68:19: note: 'l' declared here
   68 |              char l[sizeof s.t > 0 ? 1 : -1];
      |                   ^
conftest.cpp:93:30: warning: the address of 'm' will never be NULL [-Waddress]
   93 |                      + !l + !m + !n + !o + !p + !pp + !ps);
      |                              ^
conftest.cpp:72:19: note: 'm' declared here
   72 |              bool m[h];
      |                   ^
conftest.cpp:93:35: warning: the address of 'n' will never be NULL [-Waddress]
   93 |                      + !l + !m + !n + !o + !p + !pp + !ps);
      |                                   ^
conftest.cpp:73:19: note: 'n' declared here
   73 |              char n[sizeof m == h * sizeof m[0] ? 1 : -1];
      |                   ^
conftest.cpp:93:40: warning: the address of 'o' will never be NULL [-Waddress]
   93 |                      + !l + !m + !n + !o + !p + !pp + !ps);
      |                                        ^
conftest.cpp:74:19: note: 'o' declared here
   74 |              char o[-1 - (bool) 0 < 0 ? 1 : -1];
      |                   ^
configure:20832: $? = 0
configure:20842: result: yes
configure:20851: checking for an ANSI C-conforming const
configure:20918: g++ -std=c++11 -c -O3 -Wall  conftest.cpp >&5
configure:20918: $? = 0
configure:20928: result: yes
configure:20936: checking for inline
configure:20953: g++ -std=c++11 -c -O3 -Wall  conftest.cpp >&5
configure:20953: $? = 0
configure:20963: result: inline
configure:20981: checking for size_t
configure:20981: g++ -std=c++11 -c -O3 -Wall  conftest.cpp >&5
configure:20981: $? = 0
configure:20981: g++ -std=c++11 -c -O3 -Wall  conftest.cpp >&5
conftest.cpp: In function 'int main()':
conftest.cpp:64:20: error: expected primary-expression before ')' token
   64 | if (sizeof ((size_t)))
      |                    ^
configure:20981: $? = 1
configure: failed program was:
| /* confdefs.h */
| #define PACKAGE_NAME "fplll"
| #define PACKAGE_TARNAME "fplll"
| #define PACKAGE_VERSION "5.5.0"
| #define PACKAGE_STRING "fplll 5.5.0"
| #define PACKAGE_BUGREPORT ""
| #define PACKAGE_URL ""
| #define PACKAGE "fplll"
| #define VERSION "5.5.0"
| #define HAVE_STDIO_H 1
| #define HAVE_STDLIB_H 1
| #define HAVE_STRING_H 1
| #define HAVE_INTTYPES_H 1
| #define HAVE_STDINT_H 1
| #define HAVE_STRINGS_H 1
| #define HAVE_SYS_STAT_H 1
| #define HAVE_SYS_TYPES_H 1
| #define HAVE_UNISTD_H 1
| #define STDC_HEADERS 1
| #define HAVE_DLFCN_H 1
| #define LT_OBJDIR ".libs/"
| #define HAVE_CXX11 1
| #define HAVE_LIBGMP 1
| #define HAVE_LIBMPFR 1
| #define HAVE_LIMITS_H 1
| #define HAVE_CSTDIO 1
| #define HAVE_IOSTREAM 1
| #define HAVE_STRING 1
| #define HAVE_LIMITS 1
| #define HAVE_VECTOR 1
| #define HAVE_STDBOOL_H 1
| /* end confdefs.h.  */
| #include <stddef.h>
| #ifdef HAVE_STDIO_H
| # include <stdio.h>
| #endif
| #ifdef HAVE_STDLIB_H
| # include <stdlib.h>
| #endif
| #ifdef HAVE_STRING_H
| # include <string.h>
| #endif
| #ifdef HAVE_INTTYPES_H
| # include <inttypes.h>
| #endif
| #ifdef HAVE_STDINT_H
| # include <stdint.h>
| #endif
| #ifdef HAVE_STRINGS_H
| # include <strings.h>
| #endif
| #ifdef HAVE_SYS_TYPES_H
| # include <sys/types.h>
| #endif
| #ifdef HAVE_SYS_STAT_H
| # include <sys/stat.h>
| #endif
| #ifdef HAVE_UNISTD_H
| # include <unistd.h>
| #endif
| int
| main (void)
| {
| if (sizeof ((size_t)))
| 	    return 0;
|   ;
|   return 0;
| }
configure:20981: result: yes
configure:20992: checking for working volatile
configure:21012: g++ -std=c++11 -c -O3 -Wall  conftest.cpp >&5
configure:21012: $? = 0
configure:21022: result: yes
configure:21032: checking for working strtod
configure:21072: g++ -std=c++11 -o conftest -O3 -Wall   conftest.cpp -lmpfr -lgmp  >&5
conftest.cpp: In function 'int main()':
conftest.cpp:67:20: warning: ISO C++ forbids converting a string constant to 'char*' [-Wwrite-strings]
   67 |     char *string = " +69";
      |                    ^~~~~~
conftest.cpp:78:20: warning: ISO C++ forbids converting a string constant to 'char*' [-Wwrite-strings]
   78 |     char *string = "NaN";
      |                    ^~~~~
configure:21072: $? = 0
configure:21072: ./conftest
configure:21072: $? = 0
configure:21086: result: yes
configure:21151: checking for floor
configure:21151: g++ -std=c++11 -o conftest -O3 -Wall   conftest.cpp -lmpfr -lgmp  >&5
conftest.cpp:49:6: warning: declaration of 'char floor()' conflicts with built-in declaration 'double floor(double)' [-Wbuiltin-declaration-mismatch]
   49 | char floor (void);
      |      ^~~~~
configure:21151: $? = 0
configure:21151: result: yes
configure:21157: checking for pow
configure:21157: g++ -std=c++11 -o conftest -O3 -Wall   conftest.cpp -lmpfr -lgmp  >&5
conftest.cpp:50:6: warning: declaration of 'char pow()' conflicts with built-in declaration 'double pow(double, double)' [-Wbuiltin-declaration-mismatch]
   50 | char pow (void);
      |      ^~~
configure:21157: $? = 0
configure:21157: result: yes
configure:21163: checking for rint
configure:21163: g++ -std=c++11 -o conftest -O3 -Wall   conftest.cpp -lmpfr -lgmp  >&5
conftest.cpp:51:6: warning: declaration of 'char rint()' conflicts with built-in declaration 'double rint(double)' [-Wbuiltin-declaration-mismatch]
   51 | char rint (void);
      |      ^~~~
configure:21163: $? = 0
configure:21163: result: yes
configure:21169: checking for sqrt
configure:21169: g++ -std=c++11 -o conftest -O3 -Wall   conftest.cpp -lmpfr -lgmp  >&5
conftest.cpp:52:6: warning: declaration of 'char sqrt()' conflicts with built-in declaration 'double sqrt(double)' [-Wbuiltin-declaration-mismatch]
   52 | char sqrt (void);
      |      ^~~~
configure:21169: $? = 0
configure:21169: result: yes
configure:21175: checking for strtol
configure:21175: g++ -std=c++11 -o conftest -O3 -Wall   conftest.cpp -lmpfr -lgmp  >&5
configure:21175: $? = 0
configure:21175: result: yes
configure:21188: checking how to run the C preprocessor
configure:21214: gcc -E  conftest.c
configure:21214: $? = 0
configure:21230: gcc -E  conftest.c
conftest.c:38:10: fatal error: ac_nonexistent.h: No such file or directory
   38 | #include <ac_nonexistent.h>
      |          ^~~~~~~~~~~~~~~~~~
compilation terminated.
configure:21230: $? = 1
configure: failed program was:
| /* confdefs.h */
| #define PACKAGE_NAME "fplll"
| #define PACKAGE_TARNAME "fplll"
| #define PACKAGE_VERSION "5.5.0"
| #define PACKAGE_STRING "fplll 5.5.0"
| #define PACKAGE_BUGREPORT ""
| #define PACKAGE_URL ""
| #define PACKAGE "fplll"
| #define VERSION "5.5.0"
| #define HAVE_STDIO_H 1
| #define HAVE_STDLIB_H 1
| #define HAVE_STRING_H 1
| #define HAVE_INTTYPES_H 1
| #define HAVE_STDINT_H 1
| #define HAVE_STRINGS_H 1
| #define HAVE_SYS_STAT_H 1
| #define HAVE_SYS_TYPES_H 1
| #define HAVE_UNISTD_H 1
| #define STDC_HEADERS 1
| #define HAVE_DLFCN_H 1
| #define LT_OBJDIR ".libs/"
| #define HAVE_CXX11 1
| #define HAVE_LIBGMP 1
| #define HAVE_LIBMPFR 1
| #define HAVE_LIMITS_H 1
| #define HAVE_CSTDIO 1
| #define HAVE_IOSTREAM 1
| #define HAVE_STRING 1
| #define HAVE_LIMITS 1
| #define HAVE_VECTOR 1
| #define HAVE_STDBOOL_H 1
| #define HAVE_FLOOR 1
| #define HAVE_POW 1
| #define HAVE_RINT 1
| #define HAVE_SQRT 1
| #define HAVE_STRTOL 1
| /* end confdefs.h.  */
| #include <ac_nonexistent.h>
configure:21259: result: gcc -E
configure:21273: gcc -E  conftest.c
configure:21273: $? = 0
configure:21289: gcc -E  conftest.c
conftest.c:38:10: fatal error: ac_nonexistent.h: No such file or directory
   38 | #include <ac_nonexistent.h>
      |          ^~~~~~~~~~~~~~~~~~
compilation terminated.
configure:21289: $? = 1
configure: failed program was:
| /* confdefs.h */
| #define PACKAGE_NAME "fplll"
| #define PACKAGE_TARNAME "fplll"
| #define PACKAGE_VERSION "5.5.0"
| #define PACKAGE_STRING "fplll 5.5.0"
| #define PACKAGE_BUGREPORT ""
| #define PACKAGE_URL ""
| #define PACKAGE "fplll"
| #define VERSION "5.5.0"
| #define HAVE_STDIO_H 1
| #define HAVE_STDLIB_H 1
| #define HAVE_STRING_H 1
| #define HAVE_INTTYPES_H 1
| #define HAVE_STDINT_H 1
| #define HAVE_STRINGS_H 1
| #define HAVE_SYS_STAT_H 1
| #define HAVE_SYS_TYPES_H 1
| #define HAVE_UNISTD_H 1
| #define STDC_HEADERS 1
| #define HAVE_DLFCN_H 1
| #define LT_OBJDIR ".libs/"
| #define HAVE_CXX11 1
| #define HAVE_LIBGMP 1
| #define HAVE_LIBMPFR 1
| #define HAVE_LIMITS_H 1
| #define HAVE_CSTDIO 1
| #define HAVE_IOSTREAM 1
| #define HAVE_STRING 1
| #define HAVE_LIMITS 1
| #define HAVE_VECTOR 1
| #define HAVE_STDBOOL_H 1
| #define HAVE_FLOOR 1
| #define HAVE_POW 1
| #define HAVE_RINT 1
| #define HAVE_SQRT 1
| #define HAVE_STRTOL 1
| /* end confdefs.h.  */
| #include <ac_nonexistent.h>
configure:21322: checking for egrep -e
configure:21452: result: /usr/bin/grep -E
configure:21622: checking whether gcc is Clang
configure:21650: result: no
configure:21716: checking whether pthreads work with "-pthread" and "-lpthread"
configure:21828: gcc -o conftest -g -O2 -pthread   conftest.c -lpthread -lmpfr -lgmp  >&5
configure:21828: $? = 0
configure:21838: result: yes
configure:21962: checking for joinable pthread attribute
configure:21981: gcc -o conftest -g -O2 -pthread   conftest.c -lpthread -lmpfr -lgmp  >&5
configure:21981: $? = 0
configure:21991: result: PTHREAD_CREATE_JOINABLE
configure:22004: checking whether more special flags are required for pthreads
configure:22019: result: no
configure:22028: checking for PTHREAD_PRIO_INHERIT
configure:22046: gcc -o conftest -g -O2 -pthread   conftest.c -lpthread -lmpfr -lgmp  >&5
configure:22046: $? = 0
configure:22058: result: yes
configure:22245: checking whether std::atomic can be used without link library
configure:22263: g++ -std=c++11 -o conftest -O3 -Wall   conftest.cpp -lmpfr -lgmp  >&5
configure:22263: $? = 0
configure:22266: result: yes
configure:22570: checking that generated files are newer than configure
configure:22576: result: done
configure:22623: creating ./config.status

## ---------------------- ##
## Running config.status. ##
## ---------------------- ##

This file was extended by fplll config.status 5.5.0, which was
generated by GNU Autoconf 2.72.  Invocation command line was

  CONFIG_FILES    = 
  CONFIG_HEADERS  = 
  CONFIG_LINKS    = 
  CONFIG_COMMANDS = 
  $ ./config.status 

on huole-Precision-7680

config.status:1205: creating Makefile
config.status:1205: creating fplll/Makefile
config.status:1205: creating tests/Makefile
config.status:1205: creating fplll.pc
config.status:1205: creating config.h
config.status:1386: config.h is unchanged
config.status:1205: creating fplll/fplll_config.h
config.status:1386: fplll/fplll_config.h is unchanged
config.status:1434: executing depfiles commands
config.status:1511: cd fplll       && sed -e '/# am--include-marker/d' Makefile         | make -f - am--depfiles
make: Nothing to be done for 'am--depfiles'.
config.status:1516: $? = 0
config.status:1511: cd tests       && sed -e '/# am--include-marker/d' Makefile         | make -f - am--depfiles
make: Nothing to be done for 'am--depfiles'.
config.status:1516: $? = 0
config.status:1434: executing libtool commands

## ---------------- ##
## Cache variables. ##
## ---------------- ##

ac_cv_build=x86_64-pc-linux-gnu
ac_cv_c_compiler_gnu=yes
ac_cv_c_const=yes
ac_cv_c_inline=inline
ac_cv_c_volatile=yes
ac_cv_cxx_compiler_gnu=yes
ac_cv_env_CCC_set=
ac_cv_env_CCC_value=
ac_cv_env_CC_set=
ac_cv_env_CC_value=
ac_cv_env_CFLAGS_set=
ac_cv_env_CFLAGS_value=
ac_cv_env_CPPFLAGS_set=
ac_cv_env_CPPFLAGS_value=
ac_cv_env_CPP_set=
ac_cv_env_CPP_value=
ac_cv_env_CXXCPP_set=
ac_cv_env_CXXCPP_value=
ac_cv_env_CXXFLAGS_set=
ac_cv_env_CXXFLAGS_value=
ac_cv_env_CXX_set=
ac_cv_env_CXX_value=
ac_cv_env_LDFLAGS_set=
ac_cv_env_LDFLAGS_value=
ac_cv_env_LIBQD_CFLAGS_set=
ac_cv_env_LIBQD_CFLAGS_value=
ac_cv_env_LIBQD_LIBS_set=
ac_cv_env_LIBQD_LIBS_value=
ac_cv_env_LIBS_set=
ac_cv_env_LIBS_value=
ac_cv_env_LT_SYS_LIBRARY_PATH_set=
ac_cv_env_LT_SYS_LIBRARY_PATH_value=
ac_cv_env_PKG_CONFIG_LIBDIR_set=
ac_cv_env_PKG_CONFIG_LIBDIR_value=
ac_cv_env_PKG_CONFIG_PATH_set=
ac_cv_env_PKG_CONFIG_PATH_value=
ac_cv_env_PKG_CONFIG_set=
ac_cv_env_PKG_CONFIG_value=
ac_cv_env_build_alias_set=
ac_cv_env_build_alias_value=
ac_cv_env_host_alias_set=
ac_cv_env_host_alias_value=
ac_cv_env_target_alias_set=
ac_cv_env_target_alias_value=
ac_cv_func_floor=yes
ac_cv_func_pow=yes
ac_cv_func_rint=yes
ac_cv_func_sqrt=yes
ac_cv_func_strtod=yes
ac_cv_func_strtol=yes
ac_cv_header_cstdio=yes
ac_cv_header_dlfcn_h=yes
ac_cv_header_inttypes_h=yes
ac_cv_header_iostream=yes
ac_cv_header_limits=yes
ac_cv_header_limits_h=yes
ac_cv_header_stdbool_h=yes
ac_cv_header_stdint_h=yes
ac_cv_header_stdio_h=yes
ac_cv_header_stdlib_h=yes
ac_cv_header_string=yes
ac_cv_header_string_h=yes
ac_cv_header_strings_h=yes
ac_cv_header_sys_stat_h=yes
ac_cv_header_sys_types_h=yes
ac_cv_header_unistd_h=yes
ac_cv_header_vector=yes
ac_cv_host=x86_64-pc-linux-gnu
ac_cv_lib_gmp___gmp_get_memory_functions=yes
ac_cv_lib_mpfr_mpfr_fms=yes
ac_cv_objext=o
ac_cv_path_EGREP='/usr/bin/grep -E'
ac_cv_path_EGREP_TRADITIONAL='/usr/bin/grep -E'
ac_cv_path_FGREP='/usr/bin/grep -F'
ac_cv_path_GREP=/usr/bin/grep
ac_cv_path_SED=/usr/bin/sed
ac_cv_path_ac_pt_PKG_CONFIG=/usr/bin/pkg-config
ac_cv_path_install='/usr/bin/install -c'
ac_cv_path_lt_DD=/usr/bin/dd
ac_cv_path_mkdir=/usr/bin/mkdir
ac_cv_prog_AWK=mawk
ac_cv_prog_CPP='gcc -E'
ac_cv_prog_CXXCPP='g++ -E'
ac_cv_prog_FILECMD=file
ac_cv_prog_ac_ct_AR=ar
ac_cv_prog_ac_ct_CC=gcc
ac_cv_prog_ac_ct_CXX=g++
ac_cv_prog_ac_ct_MANIFEST_TOOL=mt
ac_cv_prog_ac_ct_OBJDUMP=objdump
ac_cv_prog_ac_ct_RANLIB=ranlib
ac_cv_prog_ac_ct_STRIP=strip
ac_cv_prog_cc_c11=
ac_cv_prog_cc_g=yes
ac_cv_prog_cc_stdc=
ac_cv_prog_cxx_cxx11=
ac_cv_prog_cxx_g=yes
ac_cv_prog_cxx_stdcxx=
ac_cv_prog_make_make_set=yes
ac_cv_search_c_dd_add=no
ac_cv_target=x86_64-pc-linux-gnu
ac_cv_type__Bool=no
ac_cv_type_size_t=yes
am_cv_CC_dependencies_compiler_type=gcc3
am_cv_CXX_dependencies_compiler_type=gcc3
am_cv_filesystem_timestamp_resolution=0.01
am_cv_make_support_nested_variables=yes
am_cv_prog_cc_c_o=yes
am_cv_sleep_fractional_seconds=yes
am_cv_xargs_n_works=yes
ax_cv_PTHREAD_CLANG=no
ax_cv_PTHREAD_JOINABLE_ATTR=PTHREAD_CREATE_JOINABLE
ax_cv_PTHREAD_PRIO_INHERIT=yes
ax_cv_PTHREAD_SPECIAL_FLAGS=no
ax_cv_cxx_compile_cxx11__std_cpp11=yes
lt_cv_ar_at_file=@
lt_cv_archive_cmds_need_lc=no
lt_cv_deplibs_check_method=pass_all
lt_cv_file_magic_cmd='$MAGIC_CMD'
lt_cv_file_magic_test_file=
lt_cv_ld_reload_flag=-r
lt_cv_nm_interface='BSD nm'
lt_cv_objdir=.libs
lt_cv_path_LD=/usr/bin/ld
lt_cv_path_LDCXX='/usr/bin/ld -m elf_x86_64'
lt_cv_path_NM='/usr/bin/nm -B'
lt_cv_path_manifest_tool=no
lt_cv_prog_compiler_c_o=yes
lt_cv_prog_compiler_c_o_CXX=yes
lt_cv_prog_compiler_pic='-fPIC -DPIC'
lt_cv_prog_compiler_pic_CXX='-fPIC -DPIC'
lt_cv_prog_compiler_pic_works=yes
lt_cv_prog_compiler_pic_works_CXX=yes
lt_cv_prog_compiler_rtti_exceptions=no
lt_cv_prog_compiler_static_works=yes
lt_cv_prog_compiler_static_works_CXX=yes
lt_cv_prog_gnu_ld=yes
lt_cv_prog_gnu_ldcxx=yes
lt_cv_sharedlib_from_linklib_cmd='printf %s\n'
lt_cv_shlibpath_overrides_runpath=yes
lt_cv_sys_global_symbol_pipe='/usr/bin/sed -n -e '\''s/^.*[	 ]\([ABCDGIRSTW][ABCDGIRSTW]*\)[	 ][	 ]*\([_A-Za-z][_A-Za-z0-9]*\)$/\1 \2 \2/p'\'' | /usr/bin/sed '\''/ __gnu_lto/d'\'''
lt_cv_sys_global_symbol_to_c_name_address='/usr/bin/sed -n -e '\''s/^: \(.*\) .*$/  {"\1", (void *) 0},/p'\'' -e '\''s/^[ABCDGIRSTW][ABCDGIRSTW]* .* \(.*\)$/  {"\1", (void *) \&\1},/p'\'''
lt_cv_sys_global_symbol_to_c_name_address_lib_prefix='/usr/bin/sed -n -e '\''s/^: \(.*\) .*$/  {"\1", (void *) 0},/p'\'' -e '\''s/^[ABCDGIRSTW][ABCDGIRSTW]* .* \(lib.*\)$/  {"\1", (void *) \&\1},/p'\'' -e '\''s/^[ABCDGIRSTW][ABCDGIRSTW]* .* \(.*\)$/  {"lib\1", (void *) \&\1},/p'\'''
lt_cv_sys_global_symbol_to_cdecl='/usr/bin/sed -n -e '\''s/^T .* \(.*\)$/extern int \1();/p'\'' -e '\''s/^[ABCDGIRSTW][ABCDGIRSTW]* .* \(.*\)$/extern char \1;/p'\'''
lt_cv_sys_global_symbol_to_import=
lt_cv_sys_max_cmd_len=1572864
lt_cv_to_host_file_cmd=func_convert_file_noop
lt_cv_to_tool_file_cmd=func_convert_file_noop
lt_cv_truncate_bin='/usr/bin/dd bs=4096 count=1'

## ----------------- ##
## Output variables. ##
## ----------------- ##

ACLOCAL='${SHELL} '\''/home/huole/Somelibrary/fplll/missing'\'' aclocal-1.17'
AMDEPBACKSLASH='\'
AMDEP_FALSE='#'
AMDEP_TRUE=''
AMTAR='$${TAR-tar}'
AM_BACKSLASH='\'
AM_DEFAULT_V='$(AM_DEFAULT_VERBOSITY)'
AM_DEFAULT_VERBOSITY='0'
AM_V='$(V)'
AR='ar'
AUTOCONF='${SHELL} '\''/home/huole/Somelibrary/fplll/missing'\'' autoconf'
AUTOHEADER='${SHELL} '\''/home/huole/Somelibrary/fplll/missing'\'' autoheader'
AUTOMAKE='${SHELL} '\''/home/huole/Somelibrary/fplll/missing'\'' automake-1.17'
AWK='mawk'
CC='gcc'
CCDEPMODE='depmode=gcc3'
CFLAGS='-g -O2'
CPP='gcc -E'
CPPFLAGS=''
CSCOPE='cscope'
CTAGS='ctags'
CXX='g++ -std=c++11'
CXXCPP='g++ -E -std=c++11'
CXXDEPMODE='depmode=gcc3'
CXXFLAGS='-O3 -Wall'
CYGPATH_W='echo'
DEFS='-DHAVE_CONFIG_H'
DEPDIR='.deps'
DLLTOOL='false'
DSYMUTIL=''
DUMPBIN=''
ECHO_C=''
ECHO_N='-n'
ECHO_T=''
EGREP='/usr/bin/grep -E'
ETAGS='etags'
EXEEXT=''
EXTENUM_LIBS=''
FGREP='/usr/bin/grep -F'
FILECMD='file'
FPLLL_LT_AGE='0'
FPLLL_LT_CURRENT='9'
FPLLL_LT_REVISION='0'
FPLLL_PARALLEL_ENUM_FALSE='#'
FPLLL_PARALLEL_ENUM_TRUE=''
GREP='/usr/bin/grep'
HAVE_CXX11='1'
INSTALL_DATA='${INSTALL} -m 644'
INSTALL_PROGRAM='${INSTALL}'
INSTALL_SCRIPT='${INSTALL}'
INSTALL_STRIP_PROGRAM='$(install_sh) -c -s'
LD='/usr/bin/ld -m elf_x86_64'
LDFLAGS=''
LIBOBJS=''
LIBQD_CFLAGS=''
LIBQD_LIBS=''
LIBS='-lmpfr -lgmp '
LIBTOOL='$(SHELL) $(top_builddir)/libtool'
LIPO=''
LN_S='ln -s'
LTLIBOBJS=''
LT_SYS_LIBRARY_PATH=''
MAINT=''
MAINTAINER_MODE_FALSE='#'
MAINTAINER_MODE_TRUE=''
MAKEINFO='${SHELL} '\''/home/huole/Somelibrary/fplll/missing'\'' makeinfo'
MANIFEST_TOOL=':'
MKDIR_P='/usr/bin/mkdir -p'
NM='/usr/bin/nm -B'
NMEDIT=''
OBJDUMP='objdump'
OBJEXT='o'
OTOOL64=''
OTOOL=''
PACKAGE='fplll'
PACKAGE_BUGREPORT=''
PACKAGE_NAME='fplll'
PACKAGE_STRING='fplll 5.5.0'
PACKAGE_TARNAME='fplll'
PACKAGE_URL=''
PACKAGE_VERSION='5.5.0'
PATH_SEPARATOR=':'
PKG_CONFIG='/usr/bin/pkg-config'
PKG_CONFIG_LIBDIR=''
PKG_CONFIG_PATH=''
POW_LIB=''
PTHREAD_CC='gcc'
PTHREAD_CFLAGS='-pthread'
PTHREAD_CXX='g++ -std=c++11'
PTHREAD_LIBS='-lpthread'
RANLIB='ranlib'
SED='/usr/bin/sed'
SET_MAKE=''
SHELL='/bin/bash'
STRIP='strip'
VERSION='5.5.0'
ac_ct_AR='ar'
ac_ct_CC='gcc'
ac_ct_CXX='g++'
ac_ct_DUMPBIN=''
am__EXEEXT_FALSE=''
am__EXEEXT_TRUE='#'
am__fastdepCC_FALSE='#'
am__fastdepCC_TRUE=''
am__fastdepCXX_FALSE='#'
am__fastdepCXX_TRUE=''
am__include='include'
am__isrc=''
am__leading_dot='.'
am__nodep='_no'
am__quote=''
am__rm_f_notfound=''
am__tar='$${TAR-tar} chof - "$$tardir"'
am__untar='$${TAR-tar} xf -'
am__xargs_n='xargs -n'
ax_pthread_config=''
bindir='${exec_prefix}/bin'
build='x86_64-pc-linux-gnu'
build_alias=''
build_cpu='x86_64'
build_os='linux-gnu'
build_vendor='pc'
datadir='${datarootdir}'
datarootdir='${prefix}/share'
docdir='${datarootdir}/doc/${PACKAGE_TARNAME}'
dvidir='${docdir}'
exec_prefix='${prefix}'
host='x86_64-pc-linux-gnu'
host_alias=''
host_cpu='x86_64'
host_os='linux-gnu'
host_vendor='pc'
htmldir='${docdir}'
includedir='${prefix}/include'
infodir='${datarootdir}/info'
install_sh='${SHELL} /home/huole/Somelibrary/fplll/install-sh'
libdir='${exec_prefix}/lib'
libexecdir='${exec_prefix}/libexec'
localedir='${datarootdir}/locale'
localstatedir='${prefix}/var'
mandir='${datarootdir}/man'
mkdir_p='$(MKDIR_P)'
oldincludedir='/usr/include'
pdfdir='${docdir}'
prefix='/usr/local'
program_transform_name='s,x,x,'
psdir='${docdir}'
runstatedir='${localstatedir}/run'
sbindir='${exec_prefix}/sbin'
sharedstatedir='${prefix}/com'
sysconfdir='${prefix}/etc'
target='x86_64-pc-linux-gnu'
target_alias=''
target_cpu='x86_64'
target_os='linux-gnu'
target_vendor='pc'

## ----------- ##
## confdefs.h. ##
## ----------- ##

/* confdefs.h */
#define PACKAGE_NAME "fplll"
#define PACKAGE_TARNAME "fplll"
#define PACKAGE_VERSION "5.5.0"
#define PACKAGE_STRING "fplll 5.5.0"
#define PACKAGE_BUGREPORT ""
#define PACKAGE_URL ""
#define PACKAGE "fplll"
#define VERSION "5.5.0"
#define HAVE_STDIO_H 1
#define HAVE_STDLIB_H 1
#define HAVE_STRING_H 1
#define HAVE_INTTYPES_H 1
#define HAVE_STDINT_H 1
#define HAVE_STRINGS_H 1
#define HAVE_SYS_STAT_H 1
#define HAVE_SYS_TYPES_H 1
#define HAVE_UNISTD_H 1
#define STDC_HEADERS 1
#define HAVE_DLFCN_H 1
#define LT_OBJDIR ".libs/"
#define HAVE_CXX11 1
#define HAVE_LIBGMP 1
#define HAVE_LIBMPFR 1
#define HAVE_LIMITS_H 1
#define HAVE_CSTDIO 1
#define HAVE_IOSTREAM 1
#define HAVE_STRING 1
#define HAVE_LIMITS 1
#define HAVE_VECTOR 1
#define HAVE_STDBOOL_H 1
#define HAVE_FLOOR 1
#define HAVE_POW 1
#define HAVE_RINT 1
#define HAVE_SQRT 1
#define HAVE_STRTOL 1
#define HAVE_PTHREAD_PRIO_INHERIT 1
#define HAVE_PTHREAD 1
#define FPLLL_MAX_ENUM_DIM 256
#define FPLLL_WITH_RECURSIVE_ENUM 1
#define FPLLL_MAX_PARALLEL_ENUM_DIM 120
#define FPLLL_MAJOR_VERSION 5
#define FPLLL_MINOR_VERSION 5
#define FPLLL_MICRO_VERSION 0
#define FPLLL_VERSION 5.5.0
#define FPLLL_VERSION_INFO 

configure: exit 0
