This file contains any messages produced by compilers while
running configure, to aid debugging if configure makes a mistake.

It was created by fplll configure 5.5.0, which was
generated by GNU Autoconf 2.72.  Invocation command line was

  $ /home/huole/Somelibrary/fplll/configure

## --------- ##
## Platform. ##
## --------- ##

hostname = huole-Precision-7680
uname -m = x86_64
uname -r = 6.14.0-27-generic
uname -s = Linux
uname -v = #27-Ubuntu SMP PREEMPT_DYNAMIC Tue Jul 22 17:01:58 UTC 2025

/usr/bin/uname -p = x86_64
/bin/uname -X     = unknown

/bin/arch              = x86_64
/usr/bin/arch -k       = unknown
/usr/convex/getsysinfo = unknown
/usr/bin/hostinfo      = unknown
/bin/machine           = unknown
/usr/bin/oslevel       = unknown
/bin/universe          = unknown

PATH: /home/huole/.local/bin/
PATH: /usr/local/sbin/
PATH: /usr/local/bin/
PATH: /usr/sbin/
PATH: /usr/bin/
PATH: /sbin/
PATH: /bin/
PATH: /usr/games/
PATH: /usr/local/games/
PATH: /snap/bin/
PATH: /snap/bin/
PATH: /home/huole/.local/share/JetBrains/Toolbox/scripts/
PATH: /home/huole/.local/bin/
PATH: /home/huole/.local/share/JetBrains/Toolbox/apps/clion/bin/ninja/linux/x64/


## ----------- ##
## Core tests. ##
## ----------- ##

configure:3047: looking for aux files: compile ltmain.sh missing install-sh config.guess config.sub
configure:3060:  trying /home/huole/Somelibrary/fplll/
configure:3089:   /home/huole/Somelibrary/fplll/compile found
configure:3089:   /home/huole/Somelibrary/fplll/ltmain.sh found
configure:3089:   /home/huole/Somelibrary/fplll/missing found
configure:3071:   /home/huole/Somelibrary/fplll/install-sh found
configure:3089:   /home/huole/Somelibrary/fplll/config.guess found
configure:3089:   /home/huole/Somelibrary/fplll/config.sub found
configure:3203: checking whether to enable maintainer-specific portions of Makefiles
configure:3214: result: yes
configure:3234: checking build system type
configure:3250: result: x86_64-pc-linux-gnu
configure:3270: checking host system type
configure:3285: result: x86_64-pc-linux-gnu
configure:3305: checking target system type
configure:3320: result: x86_64-pc-linux-gnu
configure:3374: checking for a BSD-compatible install
configure:3448: result: /usr/bin/install -c
configure:3459: checking whether sleep supports fractional seconds
configure:3475: result: yes
configure:3478: checking filesystem timestamp resolution
configure:3613: result: 0.01
configure:3618: checking whether build environment is sane
configure:3659: result: yes
configure:3830: checking for a race-free mkdir -p
configure:3873: result: /usr/bin/mkdir -p
configure:3880: checking for gawk
configure:3916: result: no
configure:3880: checking for mawk
configure:3901: found /usr/bin/mawk
configure:3913: result: mawk
configure:3924: checking whether make sets $(MAKE)
configure:3948: result: yes
configure:3974: checking whether make supports nested variables
configure:3993: result: yes
configure:4007: checking xargs -n works
configure:4023: result: yes
configure:4040: error: source directory already configured; run "make distclean" there first

## ---------------- ##
## Cache variables. ##
## ---------------- ##

ac_cv_build=x86_64-pc-linux-gnu
ac_cv_env_CCC_set=
ac_cv_env_CCC_value=
ac_cv_env_CC_set=
ac_cv_env_CC_value=
ac_cv_env_CFLAGS_set=
ac_cv_env_CFLAGS_value=
ac_cv_env_CPPFLAGS_set=
ac_cv_env_CPPFLAGS_value=
ac_cv_env_CPP_set=
ac_cv_env_CPP_value=
ac_cv_env_CXXCPP_set=
ac_cv_env_CXXCPP_value=
ac_cv_env_CXXFLAGS_set=
ac_cv_env_CXXFLAGS_value=
ac_cv_env_CXX_set=
ac_cv_env_CXX_value=
ac_cv_env_LDFLAGS_set=
ac_cv_env_LDFLAGS_value=
ac_cv_env_LIBQD_CFLAGS_set=
ac_cv_env_LIBQD_CFLAGS_value=
ac_cv_env_LIBQD_LIBS_set=
ac_cv_env_LIBQD_LIBS_value=
ac_cv_env_LIBS_set=
ac_cv_env_LIBS_value=
ac_cv_env_LT_SYS_LIBRARY_PATH_set=
ac_cv_env_LT_SYS_LIBRARY_PATH_value=
ac_cv_env_PKG_CONFIG_LIBDIR_set=
ac_cv_env_PKG_CONFIG_LIBDIR_value=
ac_cv_env_PKG_CONFIG_PATH_set=
ac_cv_env_PKG_CONFIG_PATH_value=
ac_cv_env_PKG_CONFIG_set=
ac_cv_env_PKG_CONFIG_value=
ac_cv_env_build_alias_set=
ac_cv_env_build_alias_value=
ac_cv_env_host_alias_set=
ac_cv_env_host_alias_value=
ac_cv_env_target_alias_set=
ac_cv_env_target_alias_value=
ac_cv_host=x86_64-pc-linux-gnu
ac_cv_path_install='/usr/bin/install -c'
ac_cv_path_mkdir=/usr/bin/mkdir
ac_cv_prog_AWK=mawk
ac_cv_prog_make_make_set=yes
ac_cv_target=x86_64-pc-linux-gnu
am_cv_filesystem_timestamp_resolution=0.01
am_cv_make_support_nested_variables=yes
am_cv_sleep_fractional_seconds=yes
am_cv_xargs_n_works=yes

## ----------------- ##
## Output variables. ##
## ----------------- ##

ACLOCAL=''
AMDEPBACKSLASH=''
AMDEP_FALSE=''
AMDEP_TRUE=''
AMTAR=''
AM_BACKSLASH='\'
AM_DEFAULT_V=''
AM_DEFAULT_VERBOSITY='1'
AM_V=''
AR=''
AUTOCONF=''
AUTOHEADER=''
AUTOMAKE=''
AWK='mawk'
CC=''
CCDEPMODE=''
CFLAGS=''
CPP=''
CPPFLAGS=''
CSCOPE=''
CTAGS=''
CXX=''
CXXCPP=''
CXXDEPMODE=''
CXXFLAGS=''
CYGPATH_W=''
DEFS=''
DEPDIR=''
DLLTOOL=''
DSYMUTIL=''
DUMPBIN=''
ECHO_C=''
ECHO_N='-n'
ECHO_T=''
EGREP=''
ETAGS=''
EXEEXT=''
EXTENUM_LIBS=''
FGREP=''
FILECMD=''
FPLLL_LT_AGE=''
FPLLL_LT_CURRENT=''
FPLLL_LT_REVISION=''
FPLLL_PARALLEL_ENUM_FALSE=''
FPLLL_PARALLEL_ENUM_TRUE=''
GREP=''
HAVE_CXX11=''
INSTALL_DATA='${INSTALL} -m 644'
INSTALL_PROGRAM='${INSTALL}'
INSTALL_SCRIPT='${INSTALL}'
INSTALL_STRIP_PROGRAM='$(install_sh) -c -s'
LD=''
LDFLAGS=''
LIBOBJS=''
LIBQD_CFLAGS=''
LIBQD_LIBS=''
LIBS=''
LIBTOOL=''
LIPO=''
LN_S=''
LTLIBOBJS=''
LT_SYS_LIBRARY_PATH=''
MAINT=''
MAINTAINER_MODE_FALSE='#'
MAINTAINER_MODE_TRUE=''
MAKEINFO=''
MANIFEST_TOOL=''
MKDIR_P='/usr/bin/mkdir -p'
NM=''
NMEDIT=''
OBJDUMP=''
OBJEXT=''
OTOOL64=''
OTOOL=''
PACKAGE=''
PACKAGE_BUGREPORT=''
PACKAGE_NAME='fplll'
PACKAGE_STRING='fplll 5.5.0'
PACKAGE_TARNAME='fplll'
PACKAGE_URL=''
PACKAGE_VERSION='5.5.0'
PATH_SEPARATOR=':'
PKG_CONFIG=''
PKG_CONFIG_LIBDIR=''
PKG_CONFIG_PATH=''
POW_LIB=''
PTHREAD_CC=''
PTHREAD_CFLAGS=''
PTHREAD_CXX=''
PTHREAD_LIBS=''
RANLIB=''
SED=''
SET_MAKE=''
SHELL='/bin/bash'
STRIP=''
VERSION=''
ac_ct_AR=''
ac_ct_CC=''
ac_ct_CXX=''
ac_ct_DUMPBIN=''
am__EXEEXT_FALSE=''
am__EXEEXT_TRUE=''
am__fastdepCC_FALSE=''
am__fastdepCC_TRUE=''
am__fastdepCXX_FALSE=''
am__fastdepCXX_TRUE=''
am__include=''
am__isrc=' -I$(srcdir)'
am__leading_dot='.'
am__nodep=''
am__quote=''
am__rm_f_notfound=''
am__tar=''
am__untar=''
am__xargs_n='xargs -n'
ax_pthread_config=''
bindir='${exec_prefix}/bin'
build='x86_64-pc-linux-gnu'
build_alias=''
build_cpu='x86_64'
build_os='linux-gnu'
build_vendor='pc'
datadir='${datarootdir}'
datarootdir='${prefix}/share'
docdir='${datarootdir}/doc/${PACKAGE_TARNAME}'
dvidir='${docdir}'
exec_prefix='NONE'
host='x86_64-pc-linux-gnu'
host_alias=''
host_cpu='x86_64'
host_os='linux-gnu'
host_vendor='pc'
htmldir='${docdir}'
includedir='${prefix}/include'
infodir='${datarootdir}/info'
install_sh='${SHELL} /home/huole/Somelibrary/fplll/install-sh'
libdir='${exec_prefix}/lib'
libexecdir='${exec_prefix}/libexec'
localedir='${datarootdir}/locale'
localstatedir='${prefix}/var'
mandir='${datarootdir}/man'
mkdir_p=''
oldincludedir='/usr/include'
pdfdir='${docdir}'
prefix='NONE'
program_transform_name='s,x,x,'
psdir='${docdir}'
runstatedir='${localstatedir}/run'
sbindir='${exec_prefix}/sbin'
sharedstatedir='${prefix}/com'
sysconfdir='${prefix}/etc'
target='x86_64-pc-linux-gnu'
target_alias=''
target_cpu='x86_64'
target_os='linux-gnu'
target_vendor='pc'

## ----------- ##
## confdefs.h. ##
## ----------- ##

/* confdefs.h */
#define PACKAGE_NAME "fplll"
#define PACKAGE_TARNAME "fplll"
#define PACKAGE_VERSION "5.5.0"
#define PACKAGE_STRING "fplll 5.5.0"
#define PACKAGE_BUGREPORT ""
#define PACKAGE_URL ""

configure: exit 1
